<?xml version="1.0" encoding="UTF-8" ?>
<testsuite tests="11" failures="0" name="PrimeNumberFinderTest" time="0.017" errors="0" skipped="0">
  <properties>
[...]
</properties>
  <testcase classname="PrimeNumberFinderTest" name="testDivByFiveNotPrime" time="0.017"/>
  <testcase classname="PrimeNumberFinderTest" name="sumofP1" time="0"/>
  <testcase classname="PrimeNumberFinderTest" name="sumofP2" time="0"/>
  <testcase classname="PrimeNumberFinderTest" name="testFindPrimes1" time="0"/>
  <testcase classname="PrimeNumberFinderTest" name="instantiateClass" time="0"/>
  <testcase classname="PrimeNumberFinderTest" name="testIsPrime1" time="0"/>
  <testcase classname="PrimeNumberFinderTest" name="testIsPrime2" time="0"/>
  <testcase classname="PrimeNumberFinderTest" name="testIsPrime3" time="0"/>
  <testcase classname="PrimeNumberFinderTest" name="testDivByThreeNotPrime" time="0"/>
  <testcase classname="PrimeNumberFinderTest" name="testLargeNotPrime" time="0"/>
  <testcase classname="PrimeNumberFinderTest" name="negNumIsNotPrime" time="0"/>
</testsuite>