<?xml version="1.0" encoding="UTF-8" ?>
<testsuite tests="5" failures="0" name="TriangleTypeTest" time="0.008" errors="0" skipped="0">
  <properties>
[...]
</properties>
  <testcase classname="TriangleTypeTest" name="triangleTest[0]" time="0.008"/>
  <testcase classname="TriangleTypeTest" name="triangleTest[1]" time="0"/>
  <testcase classname="TriangleTypeTest" name="triangleTest[2]" time="0"/>
  <testcase classname="TriangleTypeTest" name="triangleTest[3]" time="0"/>
  <testcase classname="TriangleTypeTest" name="triangleTest[4]" time="0"/>
</testsuite>